<?xml version="1.0" encoding="UTF-8"?>
<!-- Generated by org.testng.reporters.JUnitXMLReporter -->
<testsuite ignored="0" hostname="YaseenFaiz" failures="0" tests="3" name="Default test" time="0.348" errors="0" timestamp="10 Apr 2022 16:17:01 GMT">
  <testcase classname="com.bobcat.execution.TestNgg" name="testt" time="0.059"/>
  <testcase classname="com.bobcat.execution.TestNgg" name="test" time="0.015"/>
  <testcase classname="com.bobcat.execution.TestNgg" name="test2" time="0.009"/>
</testsuite> <!-- Default test -->
