<?xml version="1.0" encoding="UTF-8"?>
<!-- Generated by org.testng.reporters.JUnitXMLReporter -->
<testsuite ignored="0" hostname="YaseenFaiz" failures="0" tests="10" name="Test" time="0.567" errors="0" timestamp="10 Apr 2022 16:25:51 GMT">
  <testcase classname="com.bobcat.execution.ParalelExe" name="test10" time="0.036"/>
  <testcase classname="com.bobcat.execution.ParalelExe" name="test11" time="0.008"/>
  <testcase classname="com.bobcat.execution.ParalelExe" name="test12" time="0.005"/>
  <testcase classname="com.bobcat.execution.ParalelExe" name="test13" time="0.005"/>
  <testcase classname="com.bobcat.execution.ParalelExe" name="test14" time="0.134"/>
  <testcase classname="com.bobcat.execution.ParalelExe" name="test8" time="0.009"/>
  <testcase classname="com.bobcat.execution.ParalelExe" name="test9" time="0.005"/>
  <testcase classname="com.bobcat.execution.TestNgg" name="testt" time="0.009"/>
  <testcase classname="com.bobcat.execution.TestNgg" name="test" time="0.004"/>
  <testcase classname="com.bobcat.execution.TestNgg" name="test2" time="0.014"/>
</testsuite> <!-- Test -->
