<?xml version="1.0" encoding="UTF-8"?>
<testng-results ignored="0" total="10" passed="10" failed="0" skipped="0">
  <reporter-output>
  </reporter-output>
  <suite started-at="2022-04-10T16:25:49Z" name="Suite" finished-at="2022-04-10T16:25:50Z" duration-ms="567">
    <groups>
    </groups>
    <test started-at="2022-04-10T16:25:49Z" name="Test" finished-at="2022-04-10T16:25:50Z" duration-ms="567">
      <class name="com.bobcat.execution.ParalelExe">
        <test-method signature="test10()[pri:0, instance:com.bobcat.execution.ParalelExe@3b8f0a79]" started-at="2022-04-10T16:25:49Z" name="test10" finished-at="2022-04-10T16:25:49Z" duration-ms="36" status="PASS">
          <reporter-output>
          </reporter-output>
        </test-method> <!-- test10 -->
        <test-method signature="test11()[pri:0, instance:com.bobcat.execution.ParalelExe@3b8f0a79]" started-at="2022-04-10T16:25:49Z" name="test11" finished-at="2022-04-10T16:25:49Z" duration-ms="8" status="PASS">
          <reporter-output>
          </reporter-output>
        </test-method> <!-- test11 -->
        <test-method signature="test12()[pri:0, instance:com.bobcat.execution.ParalelExe@3b8f0a79]" started-at="2022-04-10T16:25:49Z" name="test12" finished-at="2022-04-10T16:25:49Z" duration-ms="5" status="PASS">
          <reporter-output>
          </reporter-output>
        </test-method> <!-- test12 -->
        <test-method signature="test13()[pri:0, instance:com.bobcat.execution.ParalelExe@3b8f0a79]" started-at="2022-04-10T16:25:49Z" name="test13" finished-at="2022-04-10T16:25:49Z" duration-ms="5" status="PASS">
          <reporter-output>
          </reporter-output>
        </test-method> <!-- test13 -->
        <test-method signature="test14()[pri:0, instance:com.bobcat.execution.ParalelExe@3b8f0a79]" started-at="2022-04-10T16:25:49Z" name="test14" finished-at="2022-04-10T16:25:50Z" duration-ms="134" status="PASS">
          <reporter-output>
          </reporter-output>
        </test-method> <!-- test14 -->
        <test-method signature="test8()[pri:0, instance:com.bobcat.execution.ParalelExe@3b8f0a79]" started-at="2022-04-10T16:25:50Z" name="test8" finished-at="2022-04-10T16:25:50Z" duration-ms="9" status="PASS">
          <reporter-output>
          </reporter-output>
        </test-method> <!-- test8 -->
        <test-method signature="test9()[pri:0, instance:com.bobcat.execution.ParalelExe@3b8f0a79]" started-at="2022-04-10T16:25:50Z" name="test9" finished-at="2022-04-10T16:25:50Z" duration-ms="5" status="PASS">
          <reporter-output>
          </reporter-output>
        </test-method> <!-- test9 -->
      </class> <!-- com.bobcat.execution.ParalelExe -->
      <class name="com.bobcat.execution.TestNgg">
        <test-method signature="testt()[pri:1, instance:com.bobcat.execution.TestNgg@71e693fa]" started-at="2022-04-10T16:25:50Z" name="testt" finished-at="2022-04-10T16:25:50Z" duration-ms="9" status="PASS">
          <reporter-output>
          </reporter-output>
        </test-method> <!-- testt -->
        <test-method signature="test()[pri:2, instance:com.bobcat.execution.TestNgg@71e693fa]" started-at="2022-04-10T16:25:50Z" name="test" finished-at="2022-04-10T16:25:50Z" duration-ms="4" status="PASS">
          <reporter-output>
          </reporter-output>
        </test-method> <!-- test -->
        <test-method signature="test2()[pri:3, instance:com.bobcat.execution.TestNgg@71e693fa]" started-at="2022-04-10T16:25:50Z" name="test2" finished-at="2022-04-10T16:25:50Z" duration-ms="14" status="PASS">
          <reporter-output>
          </reporter-output>
        </test-method> <!-- test2 -->
      </class> <!-- com.bobcat.execution.TestNgg -->
    </test> <!-- Test -->
  </suite> <!-- Suite -->
</testng-results>
